2025-12-25 08:39:18,898 [INFO] Activator:176 - 


2025-12-25 08:39:18,912 [INFO] Activator:177 - !SESSION log4j initialized
2025-12-25 08:39:31,191 [INFO] LogOutputStream:77 - [STDOUT_REDIRECT] 
2025-12-25 08:39:33,360 [INFO] ApplicationProperties:184 - Using Application install path: C:\ST\STM32CubeIDE_1.19.0\STM32CubeIDE\plugins\com.st.stm32cube.common.mx_6.15.0.202507011659
2025-12-25 08:39:33,402 [INFO] DbMcusXml:78 - Set database path to: C:\ST\STM32CubeIDE_1.19.0\STM32CubeIDE\plugins\com.st.stm32cube.common.mx_6.15.0.202507011659\\db\/mcu/
2025-12-25 08:39:33,404 [INFO] ApiDb:274 - Set plugin database path to: C:\ST\STM32CubeIDE_1.19.0\STM32CubeIDE\plugins\com.st.stm32cube.common.mx_6.15.0.202507011659\\db\/plugins/boardmanager/
2025-12-25 08:39:33,405 [WARN] ApiDb:259 - Overriding images path with different value:  => C:\ST\STM32CubeIDE_1.19.0\STM32CubeIDE\plugins\com.st.stm32cube.common.mx_6.15.0.202507011659\\db\/plugins/mcufinder/images/
2025-12-25 08:39:33,426 [INFO] ApiDb:250 - Set database path to: C:\Users\nitin\.stmcufinder\plugins\mcufinder//mcu/
2025-12-25 08:39:33,429 [INFO] DbMcusAds:125 - Set database path to: C:\Users\nitin\.stmcufinder\plugins\mcufinder//mcu/
2025-12-25 08:39:33,439 [INFO] CrossReferenceDbSqlite:203 - Set database path to: C:\Users\nitin\.stmcufinder\plugins\mcufinder//mcu/cs/
2025-12-25 08:39:33,757 [INFO] RulesReader:64 - Compatibility file has been processed (317 Rules)
2025-12-25 08:39:33,996 [INFO] DbMcusXml:78 - Set database path to: C:\ST\STM32CubeIDE_1.19.0\STM32CubeIDE\plugins\com.st.stm32cube.common.mx_6.15.0.202507011659\\db\/mcu/
2025-12-25 08:39:33,997 [INFO] ApiDb:274 - Set plugin database path to: C:\ST\STM32CubeIDE_1.19.0\STM32CubeIDE\plugins\com.st.stm32cube.common.mx_6.15.0.202507011659\\db\/plugins/boardmanager/
2025-12-25 08:39:33,997 [INFO] ApiDb:261 - Set plugin images path to: C:\ST\STM32CubeIDE_1.19.0\STM32CubeIDE\plugins\com.st.stm32cube.common.mx_6.15.0.202507011659\\db\/plugins/mcufinder/images/
2025-12-25 08:39:33,998 [WARN] DbFile:41 - Overriding database path with different value: C:\Users\nitin\.stmcufinder\plugins\mcufinder/ => C:\Users\nitin\.stmcufinder\plugins\mcufinder
2025-12-25 08:39:33,998 [INFO] ApiDb:250 - Set database path to: C:\Users\nitin\.stmcufinder\plugins\mcufinder//mcu/
2025-12-25 08:39:33,998 [WARN] DbFile:41 - Overriding database path with different value: C:\Users\nitin\.stmcufinder\plugins\mcufinder/ => C:\Users\nitin\.stmcufinder\plugins\mcufinder
2025-12-25 08:39:33,998 [INFO] DbMcusAds:125 - Set database path to: C:\Users\nitin\.stmcufinder\plugins\mcufinder//mcu/
2025-12-25 08:39:33,999 [WARN] DbFile:41 - Overriding database path with different value: C:\Users\nitin\.stmcufinder\plugins\mcufinder/ => C:\Users\nitin\.stmcufinder\plugins\mcufinder
2025-12-25 08:39:33,999 [WARN] DbFile:41 - Overriding database path with different value: C:\Users\nitin\.stmcufinder\plugins\mcufinder/ => C:\Users\nitin\.stmcufinder\plugins\mcufinder
2025-12-25 08:39:33,999 [INFO] CrossReferenceDbSqlite:203 - Set database path to: C:\Users\nitin\.stmcufinder\plugins\mcufinder//mcu/cs/
2025-12-25 08:39:34,197 [INFO] MainPanel:274 - HeapMemory: 268435456
2025-12-25 08:39:34,472 [INFO] DbMcusXml:78 - Set database path to: C:\ST\STM32CubeIDE_1.19.0\STM32CubeIDE\plugins\com.st.stm32cube.common.mx_6.15.0.202507011659\\db\/mcu/
2025-12-25 08:39:34,473 [INFO] ApiDb:274 - Set plugin database path to: C:\ST\STM32CubeIDE_1.19.0\STM32CubeIDE\plugins\com.st.stm32cube.common.mx_6.15.0.202507011659\\db\/plugins/boardmanager/
2025-12-25 08:39:34,473 [INFO] ApiDb:261 - Set plugin images path to: C:\ST\STM32CubeIDE_1.19.0\STM32CubeIDE\plugins\com.st.stm32cube.common.mx_6.15.0.202507011659\\db\/plugins/mcufinder/images/
2025-12-25 08:39:34,474 [WARN] DbFile:41 - Overriding database path with different value: C:\Users\nitin\.stmcufinder\plugins\mcufinder/ => C:\Users\nitin\.stmcufinder\plugins\mcufinder
2025-12-25 08:39:34,474 [INFO] ApiDb:250 - Set database path to: C:\Users\nitin\.stmcufinder\plugins\mcufinder//mcu/
2025-12-25 08:39:34,474 [WARN] DbFile:41 - Overriding database path with different value: C:\Users\nitin\.stmcufinder\plugins\mcufinder/ => C:\Users\nitin\.stmcufinder\plugins\mcufinder
2025-12-25 08:39:34,475 [INFO] DbMcusAds:125 - Set database path to: C:\Users\nitin\.stmcufinder\plugins\mcufinder//mcu/
2025-12-25 08:39:34,475 [WARN] DbFile:41 - Overriding database path with different value: C:\Users\nitin\.stmcufinder\plugins\mcufinder/ => C:\Users\nitin\.stmcufinder\plugins\mcufinder
2025-12-25 08:39:34,475 [WARN] DbFile:41 - Overriding database path with different value: C:\Users\nitin\.stmcufinder\plugins\mcufinder/ => C:\Users\nitin\.stmcufinder\plugins\mcufinder
2025-12-25 08:39:34,475 [INFO] CrossReferenceDbSqlite:203 - Set database path to: C:\Users\nitin\.stmcufinder\plugins\mcufinder//mcu/cs/
2025-12-25 08:39:34,519 [INFO] ApplicationProperties:184 - Using Application install path: C:\ST\STM32CubeIDE_1.19.0\STM32CubeIDE\plugins\com.st.stm32cube.common.mx_6.15.0.202507011659
2025-12-25 08:39:34,522 [INFO] PluginManage:196 - Search for loadable plugins [exclusion list=, ]
2025-12-25 08:39:34,526 [INFO] PluginManage:310 - Check plugin analytics
2025-12-25 08:39:35,068 [INFO] AnalyticsPlugin:253 - Accepted Software Licenses: 
2025-12-25 08:39:35,068 [INFO] AnalyticsPlugin:255 - Accepted CMSIS Pack Licenses: 
2025-12-25 08:39:35,069 [INFO] AnalyticsPlugin:257 - Accepted Firmware Licenses: FW.F4.1.28.0
2025-12-25 08:39:35,074 [INFO] PluginManage:359 - Loaded plugin analytics (category:tool,tabindex:-1)
2025-12-25 08:39:35,076 [INFO] PluginManage:310 - Check plugin cadmodel
2025-12-25 08:39:35,090 [INFO] CADModel:105 - Init CAD model plugin
2025-12-25 08:39:35,090 [INFO] PluginManage:359 - Loaded plugin cadmodel (category:power,tabindex:5)
2025-12-25 08:39:35,092 [INFO] PluginManage:310 - Check plugin clock
2025-12-25 08:39:35,116 [INFO] PluginManage:359 - Loaded plugin clock (category:base,tabindex:2)
2025-12-25 08:39:35,117 [INFO] PluginManage:310 - Check plugin ddr
2025-12-25 08:39:35,123 [INFO] PluginManage:359 - Loaded plugin ddr (category:tool,tabindex:6)
2025-12-25 08:39:35,124 [INFO] PluginManage:310 - Check plugin filemanager
2025-12-25 08:39:35,522 [INFO] PluginManage:359 - Loaded plugin filemanager (category:base,tabindex:10)
2025-12-25 08:39:35,523 [INFO] PluginManage:310 - Check plugin ipmanager
2025-12-25 08:39:35,543 [INFO] PluginManage:359 - Loaded plugin ipmanager (category:base,tabindex:5)
2025-12-25 08:39:35,544 [INFO] PluginManage:310 - Check plugin lpbam
2025-12-25 08:39:35,567 [INFO] PluginManage:359 - Loaded plugin lpbam (category:base,tabindex:0)
2025-12-25 08:39:35,567 [INFO] PluginManage:310 - Check plugin memorymap
2025-12-25 08:39:35,642 [INFO] PluginManage:359 - Loaded plugin memorymap (category:base,tabindex:4)
2025-12-25 08:39:35,642 [INFO] PluginManage:310 - Check plugin pinoutandconfiguration
2025-12-25 08:39:35,686 [INFO] PluginManage:359 - Loaded plugin pinoutandconfiguration (category:base,tabindex:1)
2025-12-25 08:39:35,686 [INFO] PluginManage:310 - Check plugin pinoutconfig
2025-12-25 08:39:35,948 [WARN] SupportedApi:132 - Cannot load RTOS API schema: s4s-elt-must-match.1: The content of 'definitions' must match (annotation?, (simpleType | complexType)?, (unique | key | keyref)*)). A problem was found starting at: attribute.
2025-12-25 08:39:36,353 [INFO] PluginManage:359 - Loaded plugin pinoutconfig (category:base,tabindex:0)
2025-12-25 08:39:36,353 [INFO] PluginManage:310 - Check plugin power
2025-12-25 08:39:36,384 [INFO] PluginManage:359 - Loaded plugin power (category:power,tabindex:4)
2025-12-25 08:39:36,385 [INFO] PluginManage:310 - Check plugin projectmanager
2025-12-25 08:39:36,437 [INFO] PluginManage:359 - Loaded plugin projectmanager (category:projectmanager,tabindex:4)
2025-12-25 08:39:36,438 [INFO] PluginManage:310 - Check plugin rif
2025-12-25 08:39:36,467 [INFO] PluginManage:359 - Loaded plugin rif (category:base,tabindex:3)
2025-12-25 08:39:36,470 [INFO] PluginManage:310 - Check plugin thirdparty
2025-12-25 08:39:36,882 [WARN] IntegrityCheckThread:84 - waiting for thirdparty lock release [integrity check]
2025-12-25 08:39:36,883 [INFO] IntegrityCheckThread:86 - entering critical section [integrity check]
2025-12-25 08:39:36,884 [INFO] PluginManage:359 - Loaded plugin thirdparty (category:base,tabindex:-1)
2025-12-25 08:39:36,884 [INFO] ThirdPartyUpdaterWithRetryManager:70 - Updater plugin not ready yet. [1/15]
2025-12-25 08:39:36,884 [INFO] PluginManage:310 - Check plugin tools
2025-12-25 08:39:36,891 [INFO] PluginManage:359 - Loaded plugin tools (category:base,tabindex:7)
2025-12-25 08:39:36,892 [INFO] PluginManage:310 - Check plugin tutovideos
2025-12-25 08:39:37,453 [INFO] PluginManage:359 - Loaded plugin tutovideos (category:base,tabindex:-1)
2025-12-25 08:39:37,454 [INFO] PluginManage:310 - Check plugin updater
2025-12-25 08:39:37,518 [INFO] PluginManage:359 - Loaded plugin updater (category:base,tabindex:12)
2025-12-25 08:39:37,518 [INFO] PluginManage:310 - Check plugin userauth
2025-12-25 08:39:37,530 [INFO] UserAuth:118 - Init User Auth plugin
2025-12-25 08:39:37,533 [INFO] PluginManage:359 - Loaded plugin userauth (category:base,tabindex:14)
2025-12-25 08:39:37,535 [INFO] PluginManage:283 - PluginManage : Loaded plugins [18]
2025-12-25 08:39:38,109 [INFO] PinOutPanel:1589 - setPackage(No Configuration,No Configuration)
2025-12-25 08:39:38,337 [INFO] CADModel:165 - CPN selected for project level
2025-12-25 08:39:38,337 [INFO] CADModel:114 - Register for checkConnection events
2025-12-25 08:39:38,395 [INFO] IPUIPlugin:80 - create IPUIPlugin
2025-12-25 08:39:38,396 [INFO] PluginManager:220 - loadIPPluginJar : add adc
2025-12-25 08:39:38,404 [INFO] IPUIPlugin:80 - create IPUIPlugin
2025-12-25 08:39:38,405 [INFO] PluginManager:220 - loadIPPluginJar : add aes
2025-12-25 08:39:38,414 [INFO] IPUIPlugin:80 - create IPUIPlugin
2025-12-25 08:39:38,415 [INFO] PluginManager:220 - loadIPPluginJar : add can
2025-12-25 08:39:38,420 [INFO] IPUIPlugin:80 - create IPUIPlugin
2025-12-25 08:39:38,421 [INFO] PluginManager:220 - loadIPPluginJar : add comp
2025-12-25 08:39:38,429 [INFO] IPUIPlugin:80 - create IPUIPlugin
2025-12-25 08:39:38,429 [INFO] PluginManager:220 - loadIPPluginJar : add cryp
2025-12-25 08:39:38,440 [INFO] IPUIPlugin:80 - create IPUIPlugin
2025-12-25 08:39:38,441 [INFO] PluginManager:220 - loadIPPluginJar : add ddr_ctrl_phy
2025-12-25 08:39:38,449 [INFO] IPUIPlugin:80 - create IPUIPlugin
2025-12-25 08:39:38,449 [INFO] PluginManager:220 - loadIPPluginJar : add dfsdm
2025-12-25 08:39:38,467 [INFO] IPUIPlugin:80 - create IPUIPlugin
2025-12-25 08:39:38,468 [INFO] PluginManager:220 - loadIPPluginJar : add dma
2025-12-25 08:39:38,476 [INFO] IPUIPlugin:80 - create IPUIPlugin
2025-12-25 08:39:38,477 [INFO] PluginManager:220 - loadIPPluginJar : add dma3
2025-12-25 08:39:38,486 [INFO] IPUIPlugin:80 - create IPUIPlugin
2025-12-25 08:39:38,486 [INFO] PluginManager:220 - loadIPPluginJar : add extmemmanager
2025-12-25 08:39:38,493 [INFO] IPUIPlugin:80 - create IPUIPlugin
2025-12-25 08:39:38,493 [INFO] PluginManager:220 - loadIPPluginJar : add fatfs
2025-12-25 08:39:38,507 [INFO] IPUIPlugin:80 - create IPUIPlugin
2025-12-25 08:39:38,507 [INFO] PluginManager:220 - loadIPPluginJar : add fmc
2025-12-25 08:39:38,533 [INFO] IPUIPlugin:80 - create IPUIPlugin
2025-12-25 08:39:38,534 [INFO] PluginManager:220 - loadIPPluginJar : add freertos
2025-12-25 08:39:38,539 [INFO] IPUIPlugin:80 - create IPUIPlugin
2025-12-25 08:39:38,539 [INFO] PluginManager:220 - loadIPPluginJar : add genericplugin
2025-12-25 08:39:38,548 [INFO] IPUIPlugin:80 - create IPUIPlugin
2025-12-25 08:39:38,549 [INFO] PluginManager:220 - loadIPPluginJar : add gfxmmu
2025-12-25 08:39:38,563 [INFO] IPUIPlugin:80 - create IPUIPlugin
2025-12-25 08:39:38,564 [INFO] PluginManager:220 - loadIPPluginJar : add gic
2025-12-25 08:39:38,577 [INFO] IPUIPlugin:80 - create IPUIPlugin
2025-12-25 08:39:38,577 [INFO] PluginManager:220 - loadIPPluginJar : add gpio
2025-12-25 08:39:38,587 [INFO] IPUIPlugin:80 - create IPUIPlugin
2025-12-25 08:39:38,587 [INFO] PluginManager:220 - loadIPPluginJar : add gtzc
2025-12-25 08:39:38,594 [INFO] IPUIPlugin:80 - create IPUIPlugin
2025-12-25 08:39:38,595 [INFO] PluginManager:220 - loadIPPluginJar : add hash
2025-12-25 08:39:38,604 [INFO] IPUIPlugin:80 - create IPUIPlugin
2025-12-25 08:39:38,604 [INFO] PluginManager:220 - loadIPPluginJar : add i2c
2025-12-25 08:39:38,612 [INFO] IPUIPlugin:80 - create IPUIPlugin
2025-12-25 08:39:38,612 [INFO] PluginManager:220 - loadIPPluginJar : add i2s
2025-12-25 08:39:38,623 [INFO] IPUIPlugin:80 - create IPUIPlugin
2025-12-25 08:39:38,625 [INFO] PluginManager:220 - loadIPPluginJar : add i3c
2025-12-25 08:39:38,636 [INFO] IPUIPlugin:80 - create IPUIPlugin
2025-12-25 08:39:38,636 [INFO] PluginManager:220 - loadIPPluginJar : add ipddr
2025-12-25 08:39:38,655 [INFO] IPUIPlugin:80 - create IPUIPlugin
2025-12-25 08:39:38,657 [INFO] PluginManager:220 - loadIPPluginJar : add linkedlist
2025-12-25 08:39:38,674 [INFO] IPUIPlugin:80 - create IPUIPlugin
2025-12-25 08:39:38,675 [INFO] PluginManager:220 - loadIPPluginJar : add lorawan
2025-12-25 08:39:38,680 [INFO] IPUIPlugin:80 - create IPUIPlugin
2025-12-25 08:39:38,680 [INFO] PluginManager:220 - loadIPPluginJar : add ltdc
2025-12-25 08:39:38,697 [INFO] IPUIPlugin:80 - create IPUIPlugin
2025-12-25 08:39:38,698 [INFO] PluginManager:220 - loadIPPluginJar : add mdma
2025-12-25 08:39:38,708 [INFO] IPUIPlugin:80 - create IPUIPlugin
2025-12-25 08:39:38,708 [INFO] PluginManager:220 - loadIPPluginJar : add nvic
2025-12-25 08:39:38,718 [INFO] IPUIPlugin:80 - create IPUIPlugin
2025-12-25 08:39:38,718 [INFO] PluginManager:220 - loadIPPluginJar : add opamp
2025-12-25 08:39:38,728 [INFO] IPUIPlugin:80 - create IPUIPlugin
2025-12-25 08:39:38,729 [INFO] PluginManager:220 - loadIPPluginJar : add openamp
2025-12-25 08:39:38,738 [INFO] IPUIPlugin:80 - create IPUIPlugin
2025-12-25 08:39:38,738 [INFO] PluginManager:220 - loadIPPluginJar : add pdm2pcm
2025-12-25 08:39:38,753 [INFO] IPUIPlugin:80 - create IPUIPlugin
2025-12-25 08:39:38,760 [INFO] PluginManager:220 - loadIPPluginJar : add plateformsettings
2025-12-25 08:39:38,765 [INFO] IPUIPlugin:80 - create IPUIPlugin
2025-12-25 08:39:38,766 [INFO] PluginManager:220 - loadIPPluginJar : add quadspi
2025-12-25 08:39:38,771 [INFO] IPUIPlugin:80 - create IPUIPlugin
2025-12-25 08:39:38,773 [INFO] PluginManager:220 - loadIPPluginJar : add radio
2025-12-25 08:39:38,784 [INFO] IPUIPlugin:80 - create IPUIPlugin
2025-12-25 08:39:38,784 [INFO] PluginManager:220 - loadIPPluginJar : add resmgrutility
2025-12-25 08:39:38,794 [INFO] IPUIPlugin:80 - create IPUIPlugin
2025-12-25 08:39:38,794 [INFO] PluginManager:220 - loadIPPluginJar : add sai
2025-12-25 08:39:38,803 [INFO] IPUIPlugin:80 - create IPUIPlugin
2025-12-25 08:39:38,803 [INFO] PluginManager:220 - loadIPPluginJar : add spi
2025-12-25 08:39:38,821 [INFO] IPUIPlugin:80 - create IPUIPlugin
2025-12-25 08:39:38,822 [INFO] PluginManager:220 - loadIPPluginJar : add stm32_wpan
2025-12-25 08:39:38,828 [INFO] IPUIPlugin:80 - create IPUIPlugin
2025-12-25 08:39:38,829 [INFO] PluginManager:220 - loadIPPluginJar : add tim
2025-12-25 08:39:38,839 [INFO] IPUIPlugin:80 - create IPUIPlugin
2025-12-25 08:39:38,839 [INFO] PluginManager:220 - loadIPPluginJar : add touchsensing
2025-12-25 08:39:38,849 [INFO] IPUIPlugin:80 - create IPUIPlugin
2025-12-25 08:39:38,849 [INFO] PluginManager:220 - loadIPPluginJar : add tracer_emb
2025-12-25 08:39:38,856 [INFO] IPUIPlugin:80 - create IPUIPlugin
2025-12-25 08:39:38,857 [INFO] PluginManager:220 - loadIPPluginJar : add ts
2025-12-25 08:39:38,862 [INFO] IPUIPlugin:80 - create IPUIPlugin
2025-12-25 08:39:38,863 [INFO] PluginManager:220 - loadIPPluginJar : add tsc
2025-12-25 08:39:38,869 [INFO] IPUIPlugin:80 - create IPUIPlugin
2025-12-25 08:39:38,870 [INFO] PluginManager:220 - loadIPPluginJar : add ucpd
2025-12-25 08:39:38,878 [INFO] IPUIPlugin:80 - create IPUIPlugin
2025-12-25 08:39:38,879 [INFO] PluginManager:220 - loadIPPluginJar : add usart
2025-12-25 08:39:38,891 [INFO] IPUIPlugin:80 - create IPUIPlugin
2025-12-25 08:39:38,892 [INFO] PluginManager:220 - loadIPPluginJar : add usbx
2025-12-25 08:39:39,125 [FATAL] Updater:351 - Updater called before beeing initialized
2025-12-25 08:39:39,199 [INFO] RulesReader:64 - Compatibility file has been processed (317 Rules)
2025-12-25 08:39:39,233 [INFO] RulesReader:64 - Compatibility file has been processed (317 Rules)
2025-12-25 08:39:39,255 [INFO] CADModel:165 - CPN selected for project level
2025-12-25 08:39:39,256 [INFO] CADModel:114 - Register for checkConnection events
2025-12-25 08:39:39,256 [FATAL] Updater:351 - Updater called before beeing initialized
2025-12-25 08:39:39,256 [ERROR] CADModel:125 - Updater not yet initialized, retry later 
2025-12-25 08:39:39,693 [FATAL] Updater:351 - Updater called before beeing initialized
2025-12-25 08:39:39,733 [INFO] CADModel:165 - CPN selected for project level
2025-12-25 08:39:39,734 [INFO] CADModel:114 - Register for checkConnection events
2025-12-25 08:39:39,734 [FATAL] Updater:351 - Updater called before beeing initialized
2025-12-25 08:39:39,734 [ERROR] CADModel:125 - Updater not yet initialized, retry later 
2025-12-25 08:39:39,743 [FATAL] Updater:351 - Updater called before beeing initialized
2025-12-25 08:39:39,886 [INFO] ThirdPartyUpdaterWithRetryManager:70 - Updater plugin not ready yet. [2/15]
2025-12-25 08:39:39,982 [FATAL] Updater:351 - Updater called before beeing initialized
2025-12-25 08:39:39,989 [INFO] DbMcusAds:53 - JSON generation date=Tue Dec 16 04:41:46 IST 2025 (1765840306612)
2025-12-25 08:39:39,989 [FATAL] Updater:351 - Updater called before beeing initialized
2025-12-25 08:39:40,062 [WARN] DetailPanel:346 - Failed to get advertising image, set to default
2025-12-25 08:39:40,250 [FATAL] Updater:351 - Updater called before beeing initialized
2025-12-25 08:39:40,254 [FATAL] Updater:351 - Updater called before beeing initialized
2025-12-25 08:39:40,255 [FATAL] Updater:351 - Updater called before beeing initialized
2025-12-25 08:39:40,258 [WARN] DetailPanel:346 - Failed to get advertising image, set to default
2025-12-25 08:39:40,261 [FATAL] Updater:351 - Updater called before beeing initialized
2025-12-25 08:39:40,366 [ERROR] Updater:1198 - MainUpdater not yet initialized. External WinMGr cannot be set.
2025-12-25 08:39:40,370 [INFO] Updater:1134 - Updater Version found : 6.15.0
2025-12-25 08:39:40,405 [INFO] ApplicationProperties:184 - Using Application install path: C:\ST\STM32CubeIDE_1.19.0\STM32CubeIDE\plugins\com.st.stm32cube.common.mx_6.15.0.202507011659
2025-12-25 08:39:42,014 [ERROR] LogOutputStream:75 - [STDERR_REDIRECT] Dec 25, 2025 8:39:42 AM java.util.prefs.WindowsPreferences <init>
2025-12-25 08:39:42,018 [ERROR] LogOutputStream:75 - [STDERR_REDIRECT] WARNING: Could not open/create prefs root node Software\JavaSoft\Prefs at root 0xffffffff80000002. Windows RegCreateKeyEx(...) returned error code 5.
2025-12-25 08:39:42,018 [ERROR] LogOutputStream:75 - [STDERR_REDIRECT] 
2025-12-25 08:39:42,831 [INFO] MainUpdater:2872 - connection check result : 10
2025-12-25 08:39:42,833 [INFO] MainUpdater:289 - Updater Check For Update Now.
2025-12-25 08:39:42,833 [INFO] MicroXplorer:498 - Change Database Version : DB.6.0.150
2025-12-25 08:39:42,887 [WARN] MainUpdater:1193 - Updater busy. Cannot search thirdparties
2025-12-25 08:39:42,888 [INFO] ThirdPartyUpdaterWithRetryManager:96 - Updater plugin is busy. [1/15]
2025-12-25 08:39:42,901 [INFO] McuFinderGlobals:63 - Set McuFinder mode to 2 (CubeIDE integrated)
2025-12-25 08:39:42,905 [INFO] UserAuth:487 - Internet connection configuration mode: 1
2025-12-25 08:39:42,989 [INFO] JxBrowserEngine:152 - Initiate JxBrowser Engine with user profile folder
2025-12-25 08:39:43,137 [INFO] CheckServerUpdateThread:120 - End of CheckServer Thread
2025-12-25 08:39:45,151 [INFO] WebApp:169 - Instantiating new browser for Auth
2025-12-25 08:39:46,565 [WARN] PackLoader:240 - Cannot read IP mode file for STMicroelectronics.FP-SNS-MOTENVWB1.1.4.0
2025-12-25 08:39:46,591 [WARN] PackLoader:240 - Cannot read IP mode file for STMicroelectronics.FP-ATR-ASTRA1.2.0.2
2025-12-25 08:39:46,617 [WARN] PackLoader:240 - Cannot read IP mode file for STMicroelectronics.X-CUBE-SMBUS.2.1.0
2025-12-25 08:39:46,694 [WARN] PackLoader:240 - Cannot read IP mode file for STMicroelectronics.X-CUBE-AZRTOS-F7.1.1.0
2025-12-25 08:39:46,714 [WARN] PackLoader:240 - Cannot read IP mode file for STMicroelectronics.FP-SNS-MOTENV1.5.1.0
2025-12-25 08:39:46,750 [WARN] PackLoader:240 - Cannot read IP mode file for WES.I-CUBE-Cesium.1.4.0
2025-12-25 08:39:46,779 [WARN] PackLoader:240 - Cannot read IP mode file for STMicroelectronics.X-CUBE-DISPLAY.3.0.0
2025-12-25 08:39:46,820 [WARN] PackLoader:240 - Cannot read IP mode file for STMicroelectronics.X-CUBE-NFC10.1.0.0
2025-12-25 08:39:46,844 [WARN] PackLoader:240 - Cannot read IP mode file for STMicroelectronics.X-CUBE-GNSS1.7.1.0
2025-12-25 08:39:46,863 [WARN] PackLoader:240 - Cannot read IP mode file for STMicroelectronics.FP-SNS-SMARTAG2.1.2.0
2025-12-25 08:39:46,886 [WARN] PackLoader:240 - Cannot read IP mode file for STMicroelectronics.FP-SNS-FLIGHT1.5.1.0
2025-12-25 08:39:46,945 [INFO] LogOutputStream:77 - [STDOUT_REDIRECT] 1 : Invalid condition id : UX_CORESTACK_Condition cause : null
2025-12-25 08:39:46,947 [INFO] LogOutputStream:77 - [STDOUT_REDIRECT] 1 : Invalid condition id : UX_CORESTACK_Condition cause : null
2025-12-25 08:39:46,951 [INFO] LogOutputStream:77 - [STDOUT_REDIRECT] 1 : Invalid condition id : UX_CORESTACK_Condition cause : null
2025-12-25 08:39:46,957 [INFO] LogOutputStream:77 - [STDOUT_REDIRECT] 1 : Invalid condition id : UX_CORESTACK_Condition cause : null
2025-12-25 08:39:46,967 [INFO] LogOutputStream:77 - [STDOUT_REDIRECT] 1 : Invalid condition id : UX_CORESTACK_Condition cause : null
2025-12-25 08:39:46,977 [WARN] PackLoader:240 - Cannot read IP mode file for STMicroelectronics.X-CUBE-AZRTOS-WL.2.0.0
2025-12-25 08:39:46,996 [WARN] PackLoader:240 - Cannot read IP mode file for STMicroelectronics.FP-SNS-MOTENV1.5.0.0
2025-12-25 08:39:47,063 [WARN] PackLoader:240 - Cannot read IP mode file for STMicroelectronics.X-CUBE-AZRTOS-H7RS.1.2.0
2025-12-25 08:39:47,092 [WARN] PackLoader:240 - Cannot read IP mode file for STMicroelectronics.X-CUBE-BLE2.3.3.0
2025-12-25 08:39:47,188 [WARN] PackLoader:240 - Cannot read IP mode file for Infineon.AIROC-Wi-Fi-Bluetooth-STM32.1.8.0
2025-12-25 08:39:47,215 [WARN] PackLoader:240 - Cannot read IP mode file for STMicroelectronics.X-CUBE-NFC9.1.0.0
2025-12-25 08:39:47,230 [WARN] PackLoader:240 - Cannot read IP mode file for STMicroelectronics.X-CUBE-BLE1.7.1.0
2025-12-25 08:39:47,246 [WARN] PackLoader:240 - Cannot read IP mode file for STMicroelectronics.X-CUBE-FREERTOS.1.4.0
2025-12-25 08:39:47,260 [WARN] PackLoader:240 - Cannot read IP mode file for Cesanta.I-CUBE-Mongoose.7.20.0
2025-12-25 08:39:47,314 [INFO] WebApp:463 - Apply proxy settings
2025-12-25 08:39:47,315 [INFO] WebApp:548 - Chromium requires no authentication
2025-12-25 08:39:47,333 [WARN] PackLoader:240 - Cannot read IP mode file for STMicroelectronics.X-CUBE-MEMS1.12.0.0
2025-12-25 08:39:47,357 [INFO] WebApp:491 - Direct internet connection detected
2025-12-25 08:39:47,458 [INFO] WebApp:900 - Register for checkConnection events
2025-12-25 08:39:47,459 [INFO] WebApp:463 - Apply proxy settings
2025-12-25 08:39:47,459 [INFO] WebApp:548 - Chromium requires no authentication
2025-12-25 08:39:47,461 [INFO] WebApp:491 - Direct internet connection detected
2025-12-25 08:39:47,502 [WARN] PackLoader:240 - Cannot read IP mode file for STMicroelectronics.X-CUBE-AZRTOS-G0.1.1.0
2025-12-25 08:39:47,517 [WARN] PackLoader:240 - Cannot read IP mode file for STMicroelectronics.X-CUBE-SAFEA1.1.2.2
2025-12-25 08:39:47,530 [WARN] PackLoader:240 - Cannot read IP mode file for STMicroelectronics.X-CUBE-NFC4.3.0.0
2025-12-25 08:39:47,547 [WARN] PackLoader:240 - Cannot read IP mode file for EmbeddedOffice.I-CUBE-FS-RTOS.1.0.1
2025-12-25 08:39:47,559 [WARN] PackLoader:240 - Cannot read IP mode file for STMicroelectronics.X-CUBE-WB05N.2.0.0
2025-12-25 08:39:47,574 [WARN] PackLoader:240 - Cannot read IP mode file for STMicroelectronics.X-CUBE-TCPP.4.2.0
2025-12-25 08:39:47,588 [WARN] PackLoader:240 - Cannot read IP mode file for RealThread.X-CUBE-RT-Thread_Nano.4.1.1
2025-12-25 08:39:47,598 [WARN] PackLoader:240 - Cannot read IP mode file for STMicroelectronics.FP-ATR-SIGFOX1.3.2.0
2025-12-25 08:39:47,610 [WARN] PackLoader:240 - Cannot read IP mode file for ITTIA_DB.I-CUBE-ITTIADB.8.9.0
2025-12-25 08:39:47,650 [WARN] PackLoader:240 - Cannot read IP mode file for SEGGER.I-CUBE-embOS.1.3.1
2025-12-25 08:39:47,828 [WARN] PackLoader:240 - Cannot read IP mode file for STMicroelectronics.X-CUBE-ALGOBUILD.1.4.0
2025-12-25 08:39:47,947 [WARN] PackLoader:240 - Cannot read IP mode file for STMicroelectronics.X-CUBE-MEMS1.11.3.0
2025-12-25 08:39:48,204 [WARN] PackLoader:240 - Cannot read IP mode file for STMicroelectronics.X-CUBE-PM33A1.1.0.0
2025-12-25 08:39:48,241 [WARN] PackLoader:240 - Cannot read IP mode file for STMicroelectronics.X-CUBE-AZRTOS-F4.1.1.0
2025-12-25 08:39:48,260 [WARN] PackLoader:240 - Cannot read IP mode file for STMicroelectronics.X-CUBE-ISPU.2.1.0
2025-12-25 08:39:48,288 [WARN] PackLoader:240 - Cannot read IP mode file for STMicroelectronics.X-CUBE-AZRTOS-L5.2.0.0
2025-12-25 08:39:48,305 [WARN] PackLoader:240 - Cannot read IP mode file for STMicroelectronics.X-CUBE-NFC6.3.1.0
2025-12-25 08:39:48,312 [INFO] WebApp:191 - Connection restablished
2025-12-25 08:39:48,318 [WARN] PackLoader:240 - Cannot read IP mode file for STMicroelectronics.X-CUBE-FREERTOS.1.3.1
2025-12-25 08:39:48,333 [WARN] PackLoader:240 - Cannot read IP mode file for STMicroelectronics.X-CUBE-DPower.1.3.0
2025-12-25 08:39:48,361 [WARN] ConditionMgr:438 - getConditionDescription Invalid condition id : LAN8742 Phy interface Condition cause : null
2025-12-25 08:39:48,362 [WARN] PackLoader:240 - Cannot read IP mode file for STMicroelectronics.X-CUBE-AZRTOS-L4.2.0.0
2025-12-25 08:39:48,364 [WARN] ConditionMgr:1044 - genDependencies : Invalid condition id : LAN8742 Phy interface Condition cause : null
2025-12-25 08:39:48,365 [WARN] ConditionMgr:1044 - genDependencies : Invalid condition id : LAN8742 Phy interface Condition cause : null
2025-12-25 08:39:48,365 [WARN] ConditionMgr:1044 - genDependencies : Invalid condition id : LAN8742 Phy interface Condition cause : null
2025-12-25 08:39:48,380 [WARN] PackLoader:240 - Cannot read IP mode file for STMicroelectronics.X-CUBE-SFXS2LP1.4.0.0
2025-12-25 08:39:48,398 [WARN] ConditionMgr:438 - getConditionDescription Invalid condition id : UX DEVICE CLASS RTOS Condition cause : null
2025-12-25 08:39:48,398 [WARN] ConditionMgr:438 - getConditionDescription Invalid condition id : UX DEVICE CLASS RTOS Condition cause : null
2025-12-25 08:39:48,401 [WARN] PackLoader:240 - Cannot read IP mode file for STMicroelectronics.X-CUBE-AZRTOS-WB.2.0.0
2025-12-25 08:39:48,402 [WARN] ConditionMgr:1044 - genDependencies : Invalid condition id : UX DEVICE CLASS RTOS Condition cause : null
2025-12-25 08:39:48,402 [WARN] ConditionMgr:1044 - genDependencies : Invalid condition id : UX DEVICE CLASS RTOS Condition cause : null
2025-12-25 08:39:48,403 [WARN] ConditionMgr:1044 - genDependencies : Invalid condition id : UX DEVICE CLASS RTOS Condition cause : null
2025-12-25 08:39:48,403 [WARN] ConditionMgr:1044 - genDependencies : Invalid condition id : UX DEVICE CLASS RTOS Condition cause : null
2025-12-25 08:39:48,403 [WARN] ConditionMgr:1044 - genDependencies : Invalid condition id : UX DEVICE CLASS RTOS Condition cause : null
2025-12-25 08:39:48,414 [WARN] PackLoader:240 - Cannot read IP mode file for STMicroelectronics.X-CUBE-GNSS1.7.0.1
2025-12-25 08:39:48,429 [WARN] ConditionMgr:438 - getConditionDescription Invalid condition id : Cortex-A Device cause : null
2025-12-25 08:39:48,445 [WARN] ConditionMgr:1044 - genDependencies : Invalid condition id : Cortex-A Device cause : null
2025-12-25 08:39:48,446 [WARN] ConditionMgr:1044 - genDependencies : Invalid condition id : Cortex-A Device cause : null
2025-12-25 08:39:48,446 [WARN] ConditionMgr:1044 - genDependencies : Invalid condition id : Cortex-A Device cause : null
2025-12-25 08:39:48,474 [WARN] PackLoader:240 - Cannot read IP mode file for STMicroelectronics.X-CUBE-SUBG2.5.0.0
2025-12-25 08:39:48,502 [WARN] PackLoader:240 - Cannot read IP mode file for STMicroelectronics.X-CUBE-AZRTOS-H7RS.1.1.0
2025-12-25 08:39:48,524 [WARN] PackLoader:240 - Cannot read IP mode file for STMicroelectronics.X-CUBE-AZRTOS-G4.2.0.0
2025-12-25 08:39:48,538 [WARN] PackLoader:240 - Cannot read IP mode file for STMicroelectronics.X-CUBE-NFC7.2.0.0
2025-12-25 08:39:48,549 [WARN] PackLoader:240 - Cannot read IP mode file for STMicroelectronics.X-CUBE-ALS.1.0.2
2025-12-25 08:39:48,569 [WARN] PackLoader:240 - Cannot read IP mode file for STMicroelectronics.X-CUBE-TOF1.3.4.3
2025-12-25 08:39:48,585 [INFO] ThirdParty:978 - Integrity check success = true
2025-12-25 08:39:48,585 [INFO] IntegrityCheckThread:100 - exiting critical section [integrity check]
2025-12-25 08:39:48,585 [INFO] IntegrityCheckThread:103 - End integrity checks thread
2025-12-25 08:39:48,625 [INFO] WebApp:225 - Starting web application
2025-12-25 08:39:48,626 [INFO] WebApp:593 - Web application path used C:\ST\STM32CubeIDE_1.19.0\STM32CubeIDE\plugins\com.st.stm32cube.common.mx_6.15.0.202507011659\db\plugins\mcufinder\reactClient1\index.html
2025-12-25 08:39:49,092 [INFO] UserAuth:487 - Internet connection configuration mode: 1
2025-12-25 08:40:12,820 [ERROR] LogOutputStream:75 - [STDERR_REDIRECT] 
2025-12-25 08:40:12,823 [ERROR] LogOutputStream:75 - [STDERR_REDIRECT] 
2025-12-25 08:41:00,614 [INFO] Activator:176 - 


2025-12-25 08:41:00,619 [INFO] Activator:177 - !SESSION log4j initialized
2025-12-25 08:41:11,622 [INFO] LogOutputStream:77 - [STDOUT_REDIRECT] 
