2025-12-31 08:27:22,329 [INFO] Activator:176 - 


2025-12-31 08:27:22,341 [INFO] Activator:177 - !SESSION log4j initialized
2025-12-31 08:27:32,928 [INFO] LogOutputStream:77 - [STDOUT_REDIRECT] 
2025-12-31 08:27:35,070 [INFO] ApplicationProperties:184 - Using Application install path: C:\ST\STM32CubeIDE_1.19.0\STM32CubeIDE\plugins\com.st.stm32cube.common.mx_6.15.0.202507011659
2025-12-31 08:27:35,116 [INFO] DbMcusXml:78 - Set database path to: C:\ST\STM32CubeIDE_1.19.0\STM32CubeIDE\plugins\com.st.stm32cube.common.mx_6.15.0.202507011659\\db\/mcu/
2025-12-31 08:27:35,117 [INFO] ApiDb:274 - Set plugin database path to: C:\ST\STM32CubeIDE_1.19.0\STM32CubeIDE\plugins\com.st.stm32cube.common.mx_6.15.0.202507011659\\db\/plugins/boardmanager/
2025-12-31 08:27:35,118 [WARN] ApiDb:259 - Overriding images path with different value:  => C:\ST\STM32CubeIDE_1.19.0\STM32CubeIDE\plugins\com.st.stm32cube.common.mx_6.15.0.202507011659\\db\/plugins/mcufinder/images/
2025-12-31 08:27:35,135 [INFO] ApiDb:250 - Set database path to: C:\Users\nitin\.stmcufinder\plugins\mcufinder//mcu/
2025-12-31 08:27:35,138 [INFO] DbMcusAds:125 - Set database path to: C:\Users\nitin\.stmcufinder\plugins\mcufinder//mcu/
2025-12-31 08:27:35,144 [INFO] CrossReferenceDbSqlite:203 - Set database path to: C:\Users\nitin\.stmcufinder\plugins\mcufinder//mcu/cs/
2025-12-31 08:27:35,549 [INFO] RulesReader:64 - Compatibility file has been processed (317 Rules)
2025-12-31 08:27:35,814 [INFO] DbMcusXml:78 - Set database path to: C:\ST\STM32CubeIDE_1.19.0\STM32CubeIDE\plugins\com.st.stm32cube.common.mx_6.15.0.202507011659\\db\/mcu/
2025-12-31 08:27:35,814 [INFO] ApiDb:274 - Set plugin database path to: C:\ST\STM32CubeIDE_1.19.0\STM32CubeIDE\plugins\com.st.stm32cube.common.mx_6.15.0.202507011659\\db\/plugins/boardmanager/
2025-12-31 08:27:35,815 [INFO] ApiDb:261 - Set plugin images path to: C:\ST\STM32CubeIDE_1.19.0\STM32CubeIDE\plugins\com.st.stm32cube.common.mx_6.15.0.202507011659\\db\/plugins/mcufinder/images/
2025-12-31 08:27:35,815 [WARN] DbFile:41 - Overriding database path with different value: C:\Users\nitin\.stmcufinder\plugins\mcufinder/ => C:\Users\nitin\.stmcufinder\plugins\mcufinder
2025-12-31 08:27:35,815 [INFO] ApiDb:250 - Set database path to: C:\Users\nitin\.stmcufinder\plugins\mcufinder//mcu/
2025-12-31 08:27:35,815 [WARN] DbFile:41 - Overriding database path with different value: C:\Users\nitin\.stmcufinder\plugins\mcufinder/ => C:\Users\nitin\.stmcufinder\plugins\mcufinder
2025-12-31 08:27:35,816 [INFO] DbMcusAds:125 - Set database path to: C:\Users\nitin\.stmcufinder\plugins\mcufinder//mcu/
2025-12-31 08:27:35,816 [WARN] DbFile:41 - Overriding database path with different value: C:\Users\nitin\.stmcufinder\plugins\mcufinder/ => C:\Users\nitin\.stmcufinder\plugins\mcufinder
2025-12-31 08:27:35,816 [WARN] DbFile:41 - Overriding database path with different value: C:\Users\nitin\.stmcufinder\plugins\mcufinder/ => C:\Users\nitin\.stmcufinder\plugins\mcufinder
2025-12-31 08:27:35,816 [INFO] CrossReferenceDbSqlite:203 - Set database path to: C:\Users\nitin\.stmcufinder\plugins\mcufinder//mcu/cs/
2025-12-31 08:27:36,019 [INFO] MainPanel:274 - HeapMemory: 272629760
2025-12-31 08:27:36,317 [INFO] DbMcusXml:78 - Set database path to: C:\ST\STM32CubeIDE_1.19.0\STM32CubeIDE\plugins\com.st.stm32cube.common.mx_6.15.0.202507011659\\db\/mcu/
2025-12-31 08:27:36,318 [INFO] ApiDb:274 - Set plugin database path to: C:\ST\STM32CubeIDE_1.19.0\STM32CubeIDE\plugins\com.st.stm32cube.common.mx_6.15.0.202507011659\\db\/plugins/boardmanager/
2025-12-31 08:27:36,318 [INFO] ApiDb:261 - Set plugin images path to: C:\ST\STM32CubeIDE_1.19.0\STM32CubeIDE\plugins\com.st.stm32cube.common.mx_6.15.0.202507011659\\db\/plugins/mcufinder/images/
2025-12-31 08:27:36,320 [WARN] DbFile:41 - Overriding database path with different value: C:\Users\nitin\.stmcufinder\plugins\mcufinder/ => C:\Users\nitin\.stmcufinder\plugins\mcufinder
2025-12-31 08:27:36,320 [INFO] ApiDb:250 - Set database path to: C:\Users\nitin\.stmcufinder\plugins\mcufinder//mcu/
2025-12-31 08:27:36,320 [WARN] DbFile:41 - Overriding database path with different value: C:\Users\nitin\.stmcufinder\plugins\mcufinder/ => C:\Users\nitin\.stmcufinder\plugins\mcufinder
2025-12-31 08:27:36,321 [INFO] DbMcusAds:125 - Set database path to: C:\Users\nitin\.stmcufinder\plugins\mcufinder//mcu/
2025-12-31 08:27:36,321 [WARN] DbFile:41 - Overriding database path with different value: C:\Users\nitin\.stmcufinder\plugins\mcufinder/ => C:\Users\nitin\.stmcufinder\plugins\mcufinder
2025-12-31 08:27:36,321 [WARN] DbFile:41 - Overriding database path with different value: C:\Users\nitin\.stmcufinder\plugins\mcufinder/ => C:\Users\nitin\.stmcufinder\plugins\mcufinder
2025-12-31 08:27:36,322 [INFO] CrossReferenceDbSqlite:203 - Set database path to: C:\Users\nitin\.stmcufinder\plugins\mcufinder//mcu/cs/
2025-12-31 08:27:36,414 [INFO] ApplicationProperties:184 - Using Application install path: C:\ST\STM32CubeIDE_1.19.0\STM32CubeIDE\plugins\com.st.stm32cube.common.mx_6.15.0.202507011659
2025-12-31 08:27:36,419 [INFO] PluginManage:196 - Search for loadable plugins [exclusion list=, ]
2025-12-31 08:27:36,423 [INFO] PluginManage:310 - Check plugin analytics
2025-12-31 08:27:36,991 [INFO] AnalyticsPlugin:253 - Accepted Software Licenses: 
2025-12-31 08:27:36,992 [INFO] AnalyticsPlugin:255 - Accepted CMSIS Pack Licenses: 
2025-12-31 08:27:36,992 [INFO] AnalyticsPlugin:257 - Accepted Firmware Licenses: FW.F4.1.28.0
2025-12-31 08:27:37,002 [INFO] PluginManage:359 - Loaded plugin analytics (category:tool,tabindex:-1)
2025-12-31 08:27:37,003 [INFO] PluginManage:310 - Check plugin cadmodel
2025-12-31 08:27:37,012 [INFO] CADModel:105 - Init CAD model plugin
2025-12-31 08:27:37,013 [INFO] PluginManage:359 - Loaded plugin cadmodel (category:power,tabindex:5)
2025-12-31 08:27:37,014 [INFO] PluginManage:310 - Check plugin clock
2025-12-31 08:27:37,043 [INFO] PluginManage:359 - Loaded plugin clock (category:base,tabindex:2)
2025-12-31 08:27:37,044 [INFO] PluginManage:310 - Check plugin ddr
2025-12-31 08:27:37,049 [INFO] PluginManage:359 - Loaded plugin ddr (category:tool,tabindex:6)
2025-12-31 08:27:37,050 [INFO] PluginManage:310 - Check plugin filemanager
2025-12-31 08:27:37,447 [INFO] PluginManage:359 - Loaded plugin filemanager (category:base,tabindex:10)
2025-12-31 08:27:37,447 [INFO] PluginManage:310 - Check plugin ipmanager
2025-12-31 08:27:37,465 [INFO] PluginManage:359 - Loaded plugin ipmanager (category:base,tabindex:5)
2025-12-31 08:27:37,466 [INFO] PluginManage:310 - Check plugin lpbam
2025-12-31 08:27:37,498 [INFO] PluginManage:359 - Loaded plugin lpbam (category:base,tabindex:0)
2025-12-31 08:27:37,499 [INFO] PluginManage:310 - Check plugin memorymap
2025-12-31 08:27:37,565 [INFO] PluginManage:359 - Loaded plugin memorymap (category:base,tabindex:4)
2025-12-31 08:27:37,565 [INFO] PluginManage:310 - Check plugin pinoutandconfiguration
2025-12-31 08:27:37,586 [INFO] PluginManage:359 - Loaded plugin pinoutandconfiguration (category:base,tabindex:1)
2025-12-31 08:27:37,587 [INFO] PluginManage:310 - Check plugin pinoutconfig
2025-12-31 08:27:37,850 [WARN] SupportedApi:132 - Cannot load RTOS API schema: s4s-elt-must-match.1: The content of 'definitions' must match (annotation?, (simpleType | complexType)?, (unique | key | keyref)*)). A problem was found starting at: attribute.
2025-12-31 08:27:38,297 [INFO] PluginManage:359 - Loaded plugin pinoutconfig (category:base,tabindex:0)
2025-12-31 08:27:38,297 [INFO] PluginManage:310 - Check plugin power
2025-12-31 08:27:38,332 [INFO] PluginManage:359 - Loaded plugin power (category:power,tabindex:4)
2025-12-31 08:27:38,333 [INFO] PluginManage:310 - Check plugin projectmanager
2025-12-31 08:27:38,372 [INFO] PluginManage:359 - Loaded plugin projectmanager (category:projectmanager,tabindex:4)
2025-12-31 08:27:38,373 [INFO] PluginManage:310 - Check plugin rif
2025-12-31 08:27:38,421 [INFO] PluginManage:359 - Loaded plugin rif (category:base,tabindex:3)
2025-12-31 08:27:38,421 [INFO] PluginManage:310 - Check plugin thirdparty
2025-12-31 08:27:38,779 [WARN] IntegrityCheckThread:84 - waiting for thirdparty lock release [integrity check]
2025-12-31 08:27:38,780 [INFO] IntegrityCheckThread:86 - entering critical section [integrity check]
2025-12-31 08:27:38,780 [INFO] ThirdPartyUpdaterWithRetryManager:70 - Updater plugin not ready yet. [1/15]
2025-12-31 08:27:38,781 [INFO] PluginManage:359 - Loaded plugin thirdparty (category:base,tabindex:-1)
2025-12-31 08:27:38,781 [INFO] PluginManage:310 - Check plugin tools
2025-12-31 08:27:38,790 [INFO] PluginManage:359 - Loaded plugin tools (category:base,tabindex:7)
2025-12-31 08:27:38,790 [INFO] PluginManage:310 - Check plugin tutovideos
2025-12-31 08:27:39,439 [INFO] PluginManage:359 - Loaded plugin tutovideos (category:base,tabindex:-1)
2025-12-31 08:27:39,439 [INFO] PluginManage:310 - Check plugin updater
2025-12-31 08:27:39,488 [INFO] PluginManage:359 - Loaded plugin updater (category:base,tabindex:12)
2025-12-31 08:27:39,488 [INFO] PluginManage:310 - Check plugin userauth
2025-12-31 08:27:39,498 [INFO] UserAuth:118 - Init User Auth plugin
2025-12-31 08:27:39,501 [INFO] PluginManage:359 - Loaded plugin userauth (category:base,tabindex:14)
2025-12-31 08:27:39,503 [INFO] PluginManage:283 - PluginManage : Loaded plugins [18]
2025-12-31 08:27:40,183 [INFO] PinOutPanel:1589 - setPackage(No Configuration,No Configuration)
2025-12-31 08:27:40,435 [INFO] CADModel:165 - CPN selected for project level
2025-12-31 08:27:40,435 [INFO] CADModel:114 - Register for checkConnection events
2025-12-31 08:27:40,483 [INFO] IPUIPlugin:80 - create IPUIPlugin
2025-12-31 08:27:40,484 [INFO] PluginManager:220 - loadIPPluginJar : add adc
2025-12-31 08:27:40,492 [INFO] IPUIPlugin:80 - create IPUIPlugin
2025-12-31 08:27:40,492 [INFO] PluginManager:220 - loadIPPluginJar : add aes
2025-12-31 08:27:40,500 [INFO] IPUIPlugin:80 - create IPUIPlugin
2025-12-31 08:27:40,500 [INFO] PluginManager:220 - loadIPPluginJar : add can
2025-12-31 08:27:40,505 [INFO] IPUIPlugin:80 - create IPUIPlugin
2025-12-31 08:27:40,505 [INFO] PluginManager:220 - loadIPPluginJar : add comp
2025-12-31 08:27:40,511 [INFO] IPUIPlugin:80 - create IPUIPlugin
2025-12-31 08:27:40,512 [INFO] PluginManager:220 - loadIPPluginJar : add cryp
2025-12-31 08:27:40,519 [INFO] IPUIPlugin:80 - create IPUIPlugin
2025-12-31 08:27:40,519 [INFO] PluginManager:220 - loadIPPluginJar : add ddr_ctrl_phy
2025-12-31 08:27:40,526 [INFO] IPUIPlugin:80 - create IPUIPlugin
2025-12-31 08:27:40,526 [INFO] PluginManager:220 - loadIPPluginJar : add dfsdm
2025-12-31 08:27:40,541 [INFO] IPUIPlugin:80 - create IPUIPlugin
2025-12-31 08:27:40,542 [INFO] PluginManager:220 - loadIPPluginJar : add dma
2025-12-31 08:27:40,552 [INFO] IPUIPlugin:80 - create IPUIPlugin
2025-12-31 08:27:40,553 [INFO] PluginManager:220 - loadIPPluginJar : add dma3
2025-12-31 08:27:40,561 [INFO] IPUIPlugin:80 - create IPUIPlugin
2025-12-31 08:27:40,561 [INFO] PluginManager:220 - loadIPPluginJar : add extmemmanager
2025-12-31 08:27:40,566 [INFO] IPUIPlugin:80 - create IPUIPlugin
2025-12-31 08:27:40,566 [INFO] PluginManager:220 - loadIPPluginJar : add fatfs
2025-12-31 08:27:40,577 [INFO] IPUIPlugin:80 - create IPUIPlugin
2025-12-31 08:27:40,577 [INFO] PluginManager:220 - loadIPPluginJar : add fmc
2025-12-31 08:27:40,588 [INFO] IPUIPlugin:80 - create IPUIPlugin
2025-12-31 08:27:40,589 [INFO] PluginManager:220 - loadIPPluginJar : add freertos
2025-12-31 08:27:40,592 [INFO] IPUIPlugin:80 - create IPUIPlugin
2025-12-31 08:27:40,593 [INFO] PluginManager:220 - loadIPPluginJar : add genericplugin
2025-12-31 08:27:40,598 [INFO] IPUIPlugin:80 - create IPUIPlugin
2025-12-31 08:27:40,599 [INFO] PluginManager:220 - loadIPPluginJar : add gfxmmu
2025-12-31 08:27:40,610 [INFO] IPUIPlugin:80 - create IPUIPlugin
2025-12-31 08:27:40,611 [INFO] PluginManager:220 - loadIPPluginJar : add gic
2025-12-31 08:27:40,619 [INFO] IPUIPlugin:80 - create IPUIPlugin
2025-12-31 08:27:40,619 [INFO] PluginManager:220 - loadIPPluginJar : add gpio
2025-12-31 08:27:40,624 [INFO] IPUIPlugin:80 - create IPUIPlugin
2025-12-31 08:27:40,624 [INFO] PluginManager:220 - loadIPPluginJar : add gtzc
2025-12-31 08:27:40,630 [INFO] IPUIPlugin:80 - create IPUIPlugin
2025-12-31 08:27:40,631 [INFO] PluginManager:220 - loadIPPluginJar : add hash
2025-12-31 08:27:40,639 [INFO] IPUIPlugin:80 - create IPUIPlugin
2025-12-31 08:27:40,640 [INFO] PluginManager:220 - loadIPPluginJar : add i2c
2025-12-31 08:27:40,646 [INFO] IPUIPlugin:80 - create IPUIPlugin
2025-12-31 08:27:40,646 [INFO] PluginManager:220 - loadIPPluginJar : add i2s
2025-12-31 08:27:40,655 [INFO] IPUIPlugin:80 - create IPUIPlugin
2025-12-31 08:27:40,655 [INFO] PluginManager:220 - loadIPPluginJar : add i3c
2025-12-31 08:27:40,663 [INFO] IPUIPlugin:80 - create IPUIPlugin
2025-12-31 08:27:40,663 [INFO] PluginManager:220 - loadIPPluginJar : add ipddr
2025-12-31 08:27:40,677 [INFO] IPUIPlugin:80 - create IPUIPlugin
2025-12-31 08:27:40,678 [INFO] PluginManager:220 - loadIPPluginJar : add linkedlist
2025-12-31 08:27:40,687 [INFO] IPUIPlugin:80 - create IPUIPlugin
2025-12-31 08:27:40,688 [INFO] PluginManager:220 - loadIPPluginJar : add lorawan
2025-12-31 08:27:40,692 [INFO] IPUIPlugin:80 - create IPUIPlugin
2025-12-31 08:27:40,692 [INFO] PluginManager:220 - loadIPPluginJar : add ltdc
2025-12-31 08:27:40,705 [INFO] IPUIPlugin:80 - create IPUIPlugin
2025-12-31 08:27:40,705 [INFO] PluginManager:220 - loadIPPluginJar : add mdma
2025-12-31 08:27:40,714 [INFO] IPUIPlugin:80 - create IPUIPlugin
2025-12-31 08:27:40,715 [INFO] PluginManager:220 - loadIPPluginJar : add nvic
2025-12-31 08:27:40,722 [INFO] IPUIPlugin:80 - create IPUIPlugin
2025-12-31 08:27:40,722 [INFO] PluginManager:220 - loadIPPluginJar : add opamp
2025-12-31 08:27:40,730 [INFO] IPUIPlugin:80 - create IPUIPlugin
2025-12-31 08:27:40,731 [INFO] PluginManager:220 - loadIPPluginJar : add openamp
2025-12-31 08:27:40,739 [INFO] IPUIPlugin:80 - create IPUIPlugin
2025-12-31 08:27:40,739 [INFO] PluginManager:220 - loadIPPluginJar : add pdm2pcm
2025-12-31 08:27:40,754 [INFO] IPUIPlugin:80 - create IPUIPlugin
2025-12-31 08:27:40,779 [INFO] PluginManager:220 - loadIPPluginJar : add plateformsettings
2025-12-31 08:27:40,784 [INFO] IPUIPlugin:80 - create IPUIPlugin
2025-12-31 08:27:40,784 [INFO] PluginManager:220 - loadIPPluginJar : add quadspi
2025-12-31 08:27:40,789 [INFO] IPUIPlugin:80 - create IPUIPlugin
2025-12-31 08:27:40,792 [INFO] PluginManager:220 - loadIPPluginJar : add radio
2025-12-31 08:27:40,800 [INFO] IPUIPlugin:80 - create IPUIPlugin
2025-12-31 08:27:40,800 [INFO] PluginManager:220 - loadIPPluginJar : add resmgrutility
2025-12-31 08:27:40,823 [INFO] IPUIPlugin:80 - create IPUIPlugin
2025-12-31 08:27:40,823 [INFO] PluginManager:220 - loadIPPluginJar : add sai
2025-12-31 08:27:40,829 [INFO] IPUIPlugin:80 - create IPUIPlugin
2025-12-31 08:27:40,830 [INFO] PluginManager:220 - loadIPPluginJar : add spi
2025-12-31 08:27:40,843 [INFO] IPUIPlugin:80 - create IPUIPlugin
2025-12-31 08:27:40,843 [INFO] PluginManager:220 - loadIPPluginJar : add stm32_wpan
2025-12-31 08:27:40,849 [INFO] IPUIPlugin:80 - create IPUIPlugin
2025-12-31 08:27:40,849 [INFO] PluginManager:220 - loadIPPluginJar : add tim
2025-12-31 08:27:40,858 [INFO] IPUIPlugin:80 - create IPUIPlugin
2025-12-31 08:27:40,858 [INFO] PluginManager:220 - loadIPPluginJar : add touchsensing
2025-12-31 08:27:40,863 [INFO] IPUIPlugin:80 - create IPUIPlugin
2025-12-31 08:27:40,863 [INFO] PluginManager:220 - loadIPPluginJar : add tracer_emb
2025-12-31 08:27:40,867 [INFO] IPUIPlugin:80 - create IPUIPlugin
2025-12-31 08:27:40,867 [INFO] PluginManager:220 - loadIPPluginJar : add ts
2025-12-31 08:27:40,871 [INFO] IPUIPlugin:80 - create IPUIPlugin
2025-12-31 08:27:40,871 [INFO] PluginManager:220 - loadIPPluginJar : add tsc
2025-12-31 08:27:40,875 [INFO] IPUIPlugin:80 - create IPUIPlugin
2025-12-31 08:27:40,876 [INFO] PluginManager:220 - loadIPPluginJar : add ucpd
2025-12-31 08:27:40,882 [INFO] IPUIPlugin:80 - create IPUIPlugin
2025-12-31 08:27:40,883 [INFO] PluginManager:220 - loadIPPluginJar : add usart
2025-12-31 08:27:40,895 [INFO] IPUIPlugin:80 - create IPUIPlugin
2025-12-31 08:27:40,895 [INFO] PluginManager:220 - loadIPPluginJar : add usbx
2025-12-31 08:27:41,133 [FATAL] Updater:351 - Updater called before beeing initialized
2025-12-31 08:27:41,205 [INFO] RulesReader:64 - Compatibility file has been processed (317 Rules)
2025-12-31 08:27:41,240 [INFO] RulesReader:64 - Compatibility file has been processed (317 Rules)
2025-12-31 08:27:41,263 [INFO] CADModel:165 - CPN selected for project level
2025-12-31 08:27:41,264 [INFO] CADModel:114 - Register for checkConnection events
2025-12-31 08:27:41,264 [FATAL] Updater:351 - Updater called before beeing initialized
2025-12-31 08:27:41,264 [ERROR] CADModel:125 - Updater not yet initialized, retry later 
2025-12-31 08:27:41,688 [FATAL] Updater:351 - Updater called before beeing initialized
2025-12-31 08:27:41,692 [INFO] CADModel:165 - CPN selected for project level
2025-12-31 08:27:41,692 [INFO] CADModel:114 - Register for checkConnection events
2025-12-31 08:27:41,693 [FATAL] Updater:351 - Updater called before beeing initialized
2025-12-31 08:27:41,693 [ERROR] CADModel:125 - Updater not yet initialized, retry later 
2025-12-31 08:27:41,703 [FATAL] Updater:351 - Updater called before beeing initialized
2025-12-31 08:27:41,781 [INFO] ThirdPartyUpdaterWithRetryManager:70 - Updater plugin not ready yet. [2/15]
2025-12-31 08:27:42,054 [FATAL] Updater:351 - Updater called before beeing initialized
2025-12-31 08:27:42,065 [INFO] DbMcusAds:53 - JSON generation date=Tue Dec 16 04:41:46 IST 2025 (1765840306612)
2025-12-31 08:27:42,066 [FATAL] Updater:351 - Updater called before beeing initialized
2025-12-31 08:27:42,145 [WARN] DetailPanel:346 - Failed to get advertising image, set to default
2025-12-31 08:27:42,380 [FATAL] Updater:351 - Updater called before beeing initialized
2025-12-31 08:27:42,390 [FATAL] Updater:351 - Updater called before beeing initialized
2025-12-31 08:27:42,390 [FATAL] Updater:351 - Updater called before beeing initialized
2025-12-31 08:27:42,390 [WARN] DetailPanel:346 - Failed to get advertising image, set to default
2025-12-31 08:27:42,392 [FATAL] Updater:351 - Updater called before beeing initialized
2025-12-31 08:27:42,518 [ERROR] Updater:1198 - MainUpdater not yet initialized. External WinMGr cannot be set.
2025-12-31 08:27:42,522 [INFO] Updater:1134 - Updater Version found : 6.15.0
2025-12-31 08:27:42,561 [INFO] ApplicationProperties:184 - Using Application install path: C:\ST\STM32CubeIDE_1.19.0\STM32CubeIDE\plugins\com.st.stm32cube.common.mx_6.15.0.202507011659
2025-12-31 08:27:44,216 [ERROR] LogOutputStream:75 - [STDERR_REDIRECT] Dec 31, 2025 8:27:44 AM java.util.prefs.WindowsPreferences <init>
2025-12-31 08:27:44,219 [ERROR] LogOutputStream:75 - [STDERR_REDIRECT] WARNING: Could not open/create prefs root node Software\JavaSoft\Prefs at root 0xffffffff80000002. Windows RegCreateKeyEx(...) returned error code 5.
2025-12-31 08:27:44,220 [ERROR] LogOutputStream:75 - [STDERR_REDIRECT] 
2025-12-31 08:27:44,783 [FATAL] Updater:351 - Updater called before beeing initialized
2025-12-31 08:27:44,784 [ERROR] IntegrityCheckThread:130 - Cannot retrieve database content from updater: error 21
2025-12-31 08:27:44,784 [INFO] ThirdParty:978 - Integrity check success = false
2025-12-31 08:27:44,784 [INFO] IntegrityCheckThread:100 - exiting critical section [integrity check]
2025-12-31 08:27:44,784 [INFO] IntegrityCheckThread:103 - End integrity checks thread
2025-12-31 08:27:44,936 [INFO] MainUpdater:2872 - connection check result : 10
2025-12-31 08:27:44,938 [INFO] MainUpdater:289 - Updater Check For Update Now.
2025-12-31 08:27:44,938 [INFO] MicroXplorer:498 - Change Database Version : DB.6.0.150
2025-12-31 08:27:44,948 [INFO] McuFinderGlobals:63 - Set McuFinder mode to 2 (CubeIDE integrated)
2025-12-31 08:27:44,950 [INFO] UserAuth:487 - Internet connection configuration mode: 1
2025-12-31 08:27:45,012 [INFO] JxBrowserEngine:152 - Initiate JxBrowser Engine with user profile folder
2025-12-31 08:27:45,240 [INFO] CheckServerUpdateThread:120 - End of CheckServer Thread
2025-12-31 08:27:46,370 [INFO] WebApp:169 - Instantiating new browser for Auth
2025-12-31 08:27:47,686 [INFO] WebApp:463 - Apply proxy settings
2025-12-31 08:27:47,687 [INFO] WebApp:548 - Chromium requires no authentication
2025-12-31 08:27:47,699 [INFO] WebApp:491 - Direct internet connection detected
2025-12-31 08:27:47,737 [INFO] WebApp:900 - Register for checkConnection events
2025-12-31 08:27:47,737 [INFO] WebApp:463 - Apply proxy settings
2025-12-31 08:27:47,738 [INFO] WebApp:548 - Chromium requires no authentication
2025-12-31 08:27:47,739 [INFO] WebApp:491 - Direct internet connection detected
2025-12-31 08:27:48,048 [INFO] WebApp:225 - Starting web application
2025-12-31 08:27:48,048 [INFO] WebApp:593 - Web application path used C:\ST\STM32CubeIDE_1.19.0\STM32CubeIDE\plugins\com.st.stm32cube.common.mx_6.15.0.202507011659\db\plugins\mcufinder\reactClient1\index.html
2025-12-31 08:27:48,210 [INFO] UserAuth:487 - Internet connection configuration mode: 1
2025-12-31 08:27:48,678 [INFO] WebApp:191 - Connection restablished
2025-12-31 08:28:19,637 [ERROR] LogOutputStream:75 - [STDERR_REDIRECT] 
